The system is: Darwin - 22.3.0 - x86_64
Compiling the C compiler identification source file "CMakeCCompilerId.c" succeeded.
Compiler: /Users/jeremi/miniforge3/envs/tta/bin/arm64-apple-darwin20.0.0-clang 
Build flags: -I/opt/homebrew/include;-I/Applications/Xcode.app/Contents/Developer/Platforms/MacOSX.platform/Developer/SDKs/MacOSX.sdk/usr/include;-I/Applications/Xcode.app/Contents/Developer/Platforms/MacOSX.platform/Developer/SDKs/MacOSX.sdk/usr/include/sasl;-I/opt/homebrew/include;-I/Applications/Xcode.app/Contents/Developer/Platforms/MacOSX.platform/Developer/SDKs/MacOSX.sdk/usr/include;-I/Applications/Xcode.app/Contents/Developer/Platforms/MacOSX.platform/Developer/SDKs/MacOSX.sdk/usr/include/sasl;-I/opt/homebrew/include;-I/Applications/Xcode.app/Contents/Developer/Platforms/MacOSX.platform/Developer/SDKs/MacOSX.sdk/usr/include;-I/Applications/Xcode.app/Contents/Developer/Platforms/MacOSX.platform/Developer/SDKs/MacOSX.sdk/usr/include/sasl;
Id flags:  

The output was:
0


Compilation of the C compiler identification source "CMakeCCompilerId.c" produced "a.out"

The C compiler identification is Clang, found in "/Users/jeremi/Documents/Physics/DESY/ttalps_cms.nosync/ttalps_cms/core/build/CMakeFiles/3.25.2/CompilerIdC/a.out"

Compiling the CXX compiler identification source file "CMakeCXXCompilerId.cpp" succeeded.
Compiler: /Users/jeremi/miniforge3/envs/tta/bin/arm64-apple-darwin20.0.0-clang++ 
Build flags: -ftree-vectorize;-fPIC;-fPIE;-fstack-protector-strong;-O2;-pipe;-stdlib=libc++;-fvisibility-inlines-hidden;-fmessage-length=0;-isystem;/Users/jeremi/miniforge3/envs/tta/include
Id flags:  

The output was:
0


Compilation of the CXX compiler identification source "CMakeCXXCompilerId.cpp" produced "a.out"

The CXX compiler identification is Clang, found in "/Users/jeremi/Documents/Physics/DESY/ttalps_cms.nosync/ttalps_cms/core/build/CMakeFiles/3.25.2/CompilerIdCXX/a.out"

Detecting C compiler ABI info compiled with the following output:
Change Dir: /Users/jeremi/Documents/Physics/DESY/ttalps_cms.nosync/ttalps_cms/core/build/CMakeFiles/CMakeScratch/TryCompile-jFYnDL

Run Build Command(s):/usr/bin/make -f Makefile cmTC_beb92/fast && /Applications/Xcode.app/Contents/Developer/usr/bin/make  -f CMakeFiles/cmTC_beb92.dir/build.make CMakeFiles/cmTC_beb92.dir/build
Building C object CMakeFiles/cmTC_beb92.dir/CMakeCCompilerABI.c.o
/Users/jeremi/miniforge3/envs/tta/bin/arm64-apple-darwin20.0.0-clang   -I/opt/homebrew/include -I/Applications/Xcode.app/Contents/Developer/Platforms/MacOSX.platform/Developer/SDKs/MacOSX.sdk/usr/include -I/Applications/Xcode.app/Contents/Developer/Platforms/MacOSX.platform/Developer/SDKs/MacOSX.sdk/usr/include/sasl -I/opt/homebrew/include -I/Applications/Xcode.app/Contents/Developer/Platforms/MacOSX.platform/Developer/SDKs/MacOSX.sdk/usr/include -I/Applications/Xcode.app/Contents/Developer/Platforms/MacOSX.platform/Developer/SDKs/MacOSX.sdk/usr/include/sasl -I/opt/homebrew/include -I/Applications/Xcode.app/Contents/Developer/Platforms/MacOSX.platform/Developer/SDKs/MacOSX.sdk/usr/include -I/Applications/Xcode.app/Contents/Developer/Platforms/MacOSX.platform/Developer/SDKs/MacOSX.sdk/usr/include/sasl  -arch x86_64 -isysroot /Applications/Xcode.app/Contents/Developer/Platforms/MacOSX.platform/Developer/SDKs/MacOSX.sdk   -v -Wl,-v -MD -MT CMakeFiles/cmTC_beb92.dir/CMakeCCompilerABI.c.o -MF CMakeFiles/cmTC_beb92.dir/CMakeCCompilerABI.c.o.d -o CMakeFiles/cmTC_beb92.dir/CMakeCCompilerABI.c.o -c /usr/local/Cellar/cmake/3.25.2/share/cmake/Modules/CMakeCCompilerABI.c
clang version 14.0.6
Target: x86_64-apple-darwin20.0.0
Thread model: posix
InstalledDir: /Users/jeremi/miniforge3/envs/tta/bin
clang-14: warning: -Wl,-v: 'linker' input unused [-Wunused-command-line-argument]
 (in-process)
 "/Users/jeremi/miniforge3/envs/tta/bin/clang-14" -cc1 -triple x86_64-apple-macosx13.0.0 -Wundef-prefix=TARGET_OS_ -Werror=undef-prefix -Wdeprecated-objc-isa-usage -Werror=deprecated-objc-isa-usage -emit-obj -mrelax-all --mrelax-relocations -disable-free -clear-ast-before-backend -disable-llvm-verifier -discard-value-names -main-file-name CMakeCCompilerABI.c -mrelocation-model pic -pic-level 2 -mframe-pointer=all -ffp-contract=on -fno-rounding-math -funwind-tables=2 -target-sdk-version=13.3 -fcompatibility-qualified-id-block-type-checking -fvisibility-inlines-hidden-static-local-var -target-cpu penryn -tune-cpu generic -mllvm -treat-scalable-fixed-error-as-warning -debugger-tuning=lldb -target-linker-version 609 -v -fcoverage-compilation-dir=/Users/jeremi/Documents/Physics/DESY/ttalps_cms.nosync/ttalps_cms/core/build/CMakeFiles/CMakeScratch/TryCompile-jFYnDL -resource-dir /Users/jeremi/miniforge3/envs/tta/lib/clang/14.0.6 -dependency-file CMakeFiles/cmTC_beb92.dir/CMakeCCompilerABI.c.o.d -MT CMakeFiles/cmTC_beb92.dir/CMakeCCompilerABI.c.o -sys-header-deps -isysroot /Applications/Xcode.app/Contents/Developer/Platforms/MacOSX.platform/Developer/SDKs/MacOSX.sdk -I /opt/homebrew/include -I /Applications/Xcode.app/Contents/Developer/Platforms/MacOSX.platform/Developer/SDKs/MacOSX.sdk/usr/include -I /Applications/Xcode.app/Contents/Developer/Platforms/MacOSX.platform/Developer/SDKs/MacOSX.sdk/usr/include/sasl -I /opt/homebrew/include -I /Applications/Xcode.app/Contents/Developer/Platforms/MacOSX.platform/Developer/SDKs/MacOSX.sdk/usr/include -I /Applications/Xcode.app/Contents/Developer/Platforms/MacOSX.platform/Developer/SDKs/MacOSX.sdk/usr/include/sasl -I /opt/homebrew/include -I /Applications/Xcode.app/Contents/Developer/Platforms/MacOSX.platform/Developer/SDKs/MacOSX.sdk/usr/include -I /Applications/Xcode.app/Contents/Developer/Platforms/MacOSX.platform/Developer/SDKs/MacOSX.sdk/usr/include/sasl -I/Applications/Xcode.app/Contents/Developer/Platforms/MacOSX.platform/Developer/SDKs/MacOSX.sdk/usr/include -internal-isystem /Applications/Xcode.app/Contents/Developer/Platforms/MacOSX.platform/Developer/SDKs/MacOSX.sdk/usr/local/include -internal-isystem /Users/jeremi/miniforge3/envs/tta/lib/clang/14.0.6/include -internal-externc-isystem /Applications/Xcode.app/Contents/Developer/Platforms/MacOSX.platform/Developer/SDKs/MacOSX.sdk/usr/include -fdebug-compilation-dir=/Users/jeremi/Documents/Physics/DESY/ttalps_cms.nosync/ttalps_cms/core/build/CMakeFiles/CMakeScratch/TryCompile-jFYnDL -ferror-limit 19 -stack-protector 1 -fblocks -fencode-extended-block-signature -fregister-global-dtors-with-atexit -fgnuc-version=4.2.1 -fmax-type-align=16 -D__GCC_HAVE_DWARF2_CFI_ASM=1 -o CMakeFiles/cmTC_beb92.dir/CMakeCCompilerABI.c.o -x c /usr/local/Cellar/cmake/3.25.2/share/cmake/Modules/CMakeCCompilerABI.c
clang -cc1 version 14.0.6 based upon LLVM 14.0.6 default target arm64-apple-darwin22.3.0
ignoring nonexistent directory "/Applications/Xcode.app/Contents/Developer/Platforms/MacOSX.platform/Developer/SDKs/MacOSX.sdk/usr/local/include"
ignoring nonexistent directory "/Applications/Xcode.app/Contents/Developer/Platforms/MacOSX.platform/Developer/SDKs/MacOSX.sdk/Library/Frameworks"
ignoring duplicate directory "/opt/homebrew/include"
ignoring duplicate directory "/Applications/Xcode.app/Contents/Developer/Platforms/MacOSX.platform/Developer/SDKs/MacOSX.sdk/usr/include"
ignoring duplicate directory "/Applications/Xcode.app/Contents/Developer/Platforms/MacOSX.platform/Developer/SDKs/MacOSX.sdk/usr/include/sasl"
ignoring duplicate directory "/opt/homebrew/include"
ignoring duplicate directory "/Applications/Xcode.app/Contents/Developer/Platforms/MacOSX.platform/Developer/SDKs/MacOSX.sdk/usr/include"
ignoring duplicate directory "/Applications/Xcode.app/Contents/Developer/Platforms/MacOSX.platform/Developer/SDKs/MacOSX.sdk/usr/include/sasl"
ignoring duplicate directory "/Applications/Xcode.app/Contents/Developer/Platforms/MacOSX.platform/Developer/SDKs/MacOSX.sdk/usr/include"
ignoring duplicate directory "/Applications/Xcode.app/Contents/Developer/Platforms/MacOSX.platform/Developer/SDKs/MacOSX.sdk/usr/include"
  as it is a non-system directory that duplicates a system directory
#include "..." search starts here:
#include <...> search starts here:
 /opt/homebrew/include
 /Applications/Xcode.app/Contents/Developer/Platforms/MacOSX.platform/Developer/SDKs/MacOSX.sdk/usr/include/sasl
 /Users/jeremi/miniforge3/envs/tta/lib/clang/14.0.6/include
 /Applications/Xcode.app/Contents/Developer/Platforms/MacOSX.platform/Developer/SDKs/MacOSX.sdk/usr/include
 /Applications/Xcode.app/Contents/Developer/Platforms/MacOSX.platform/Developer/SDKs/MacOSX.sdk/System/Library/Frameworks (framework directory)
End of search list.
Linking C executable cmTC_beb92
/usr/local/Cellar/cmake/3.25.2/bin/cmake -E cmake_link_script CMakeFiles/cmTC_beb92.dir/link.txt --verbose=1
/Users/jeremi/miniforge3/envs/tta/bin/arm64-apple-darwin20.0.0-clang -I/opt/homebrew/include -I/Applications/Xcode.app/Contents/Developer/Platforms/MacOSX.platform/Developer/SDKs/MacOSX.sdk/usr/include -I/Applications/Xcode.app/Contents/Developer/Platforms/MacOSX.platform/Developer/SDKs/MacOSX.sdk/usr/include/sasl -I/opt/homebrew/include -I/Applications/Xcode.app/Contents/Developer/Platforms/MacOSX.platform/Developer/SDKs/MacOSX.sdk/usr/include -I/Applications/Xcode.app/Contents/Developer/Platforms/MacOSX.platform/Developer/SDKs/MacOSX.sdk/usr/include/sasl -I/opt/homebrew/include -I/Applications/Xcode.app/Contents/Developer/Platforms/MacOSX.platform/Developer/SDKs/MacOSX.sdk/usr/include -I/Applications/Xcode.app/Contents/Developer/Platforms/MacOSX.platform/Developer/SDKs/MacOSX.sdk/usr/include/sasl  -arch x86_64 -isysroot /Applications/Xcode.app/Contents/Developer/Platforms/MacOSX.platform/Developer/SDKs/MacOSX.sdk -Wl,-search_paths_first -Wl,-headerpad_max_install_names -L/opt/homebrew/opt/openssl/lib -L/opt/homebrew/lib -L/Applications/Xcode.app/Contents/Developer/Platforms/MacOSX.platform/Developer/SDKs/MacOSX.sdk/usr/lib -L/opt/homebrew/opt/openssl/lib -L/opt/homebrew/lib -L/Applications/Xcode.app/Contents/Developer/Platforms/MacOSX.platform/Developer/SDKs/MacOSX.sdk/usr/lib -L/opt/homebrew/opt/openssl/lib -L/opt/homebrew/lib -L/Applications/Xcode.app/Contents/Developer/Platforms/MacOSX.platform/Developer/SDKs/MacOSX.sdk/usr/lib -v -Wl,-v CMakeFiles/cmTC_beb92.dir/CMakeCCompilerABI.c.o -o cmTC_beb92 
clang version 14.0.6
Target: x86_64-apple-darwin20.0.0
Thread model: posix
InstalledDir: /Users/jeremi/miniforge3/envs/tta/bin
 "/Users/jeremi/miniforge3/envs/tta/bin/arm64-apple-darwin20.0.0-ld" -demangle -lto_library /Users/jeremi/miniforge3/envs/tta/lib/libLTO.14.dylib -dynamic -arch x86_64 -platform_version macos 13.0.0 13.3 -syslibroot /Applications/Xcode.app/Contents/Developer/Platforms/MacOSX.platform/Developer/SDKs/MacOSX.sdk -o cmTC_beb92 -L/opt/homebrew/opt/openssl/lib -L/opt/homebrew/lib -L/Applications/Xcode.app/Contents/Developer/Platforms/MacOSX.platform/Developer/SDKs/MacOSX.sdk/usr/lib -L/opt/homebrew/opt/openssl/lib -L/opt/homebrew/lib -L/Applications/Xcode.app/Contents/Developer/Platforms/MacOSX.platform/Developer/SDKs/MacOSX.sdk/usr/lib -L/opt/homebrew/opt/openssl/lib -L/opt/homebrew/lib -L/Applications/Xcode.app/Contents/Developer/Platforms/MacOSX.platform/Developer/SDKs/MacOSX.sdk/usr/lib -search_paths_first -headerpad_max_install_names -v CMakeFiles/cmTC_beb92.dir/CMakeCCompilerABI.c.o -lSystem /Users/jeremi/miniforge3/envs/tta/lib/clang/14.0.6/lib/darwin/libclang_rt.osx.a
@(#)PROGRAM:ld  PROJECT:ld64-609
BUILD 17:39:38 Mar 22 2023
configured to support archs: armv6 armv7 armv7s arm64 arm64e arm64_32 i386 x86_64 x86_64h armv6m armv7k armv7m armv7em (tvOS)
Library search paths:
	/opt/homebrew/opt/openssl/lib
	/opt/homebrew/lib
	/Applications/Xcode.app/Contents/Developer/Platforms/MacOSX.platform/Developer/SDKs/MacOSX.sdk/usr/lib
	/opt/homebrew/opt/openssl/lib
	/opt/homebrew/lib
	/Applications/Xcode.app/Contents/Developer/Platforms/MacOSX.platform/Developer/SDKs/MacOSX.sdk/usr/lib
	/opt/homebrew/opt/openssl/lib
	/opt/homebrew/lib
	/Applications/Xcode.app/Contents/Developer/Platforms/MacOSX.platform/Developer/SDKs/MacOSX.sdk/usr/lib
	/Applications/Xcode.app/Contents/Developer/Platforms/MacOSX.platform/Developer/SDKs/MacOSX.sdk/usr/lib
Framework search paths:
	/Applications/Xcode.app/Contents/Developer/Platforms/MacOSX.platform/Developer/SDKs/MacOSX.sdk/System/Library/Frameworks/



Parsed C implicit include dir info from above output: rv=done
  found start of include info
  found start of implicit include info
    add: [/opt/homebrew/include]
    add: [/Applications/Xcode.app/Contents/Developer/Platforms/MacOSX.platform/Developer/SDKs/MacOSX.sdk/usr/include/sasl]
    add: [/Users/jeremi/miniforge3/envs/tta/lib/clang/14.0.6/include]
    add: [/Applications/Xcode.app/Contents/Developer/Platforms/MacOSX.platform/Developer/SDKs/MacOSX.sdk/usr/include]
  end of search list found
  collapse include dir [/opt/homebrew/include] ==> [/opt/homebrew/include]
  collapse include dir [/Applications/Xcode.app/Contents/Developer/Platforms/MacOSX.platform/Developer/SDKs/MacOSX.sdk/usr/include/sasl] ==> [/Applications/Xcode.app/Contents/Developer/Platforms/MacOSX.platform/Developer/SDKs/MacOSX.sdk/usr/include/sasl]
  collapse include dir [/Users/jeremi/miniforge3/envs/tta/lib/clang/14.0.6/include] ==> [/Users/jeremi/miniforge3/envs/tta/lib/clang/14.0.6/include]
  collapse include dir [/Applications/Xcode.app/Contents/Developer/Platforms/MacOSX.platform/Developer/SDKs/MacOSX.sdk/usr/include] ==> [/Applications/Xcode.app/Contents/Developer/Platforms/MacOSX.platform/Developer/SDKs/MacOSX.sdk/usr/include]
  implicit include dirs: [/opt/homebrew/include;/Applications/Xcode.app/Contents/Developer/Platforms/MacOSX.platform/Developer/SDKs/MacOSX.sdk/usr/include/sasl;/Users/jeremi/miniforge3/envs/tta/lib/clang/14.0.6/include;/Applications/Xcode.app/Contents/Developer/Platforms/MacOSX.platform/Developer/SDKs/MacOSX.sdk/usr/include]


Parsed C implicit link information from above output:
  link line regex: [^( *|.*[/\])(arm64-apple-darwin20\.0\.0-ld|CMAKE_LINK_STARTFILE-NOTFOUND|([^/\]+-)?ld|collect2)[^/\]*( |$)]
  ignore line: [Change Dir: /Users/jeremi/Documents/Physics/DESY/ttalps_cms.nosync/ttalps_cms/core/build/CMakeFiles/CMakeScratch/TryCompile-jFYnDL]
  ignore line: []
  ignore line: [Run Build Command(s):/usr/bin/make -f Makefile cmTC_beb92/fast && /Applications/Xcode.app/Contents/Developer/usr/bin/make  -f CMakeFiles/cmTC_beb92.dir/build.make CMakeFiles/cmTC_beb92.dir/build]
  ignore line: [Building C object CMakeFiles/cmTC_beb92.dir/CMakeCCompilerABI.c.o]
  ignore line: [/Users/jeremi/miniforge3/envs/tta/bin/arm64-apple-darwin20.0.0-clang   -I/opt/homebrew/include -I/Applications/Xcode.app/Contents/Developer/Platforms/MacOSX.platform/Developer/SDKs/MacOSX.sdk/usr/include -I/Applications/Xcode.app/Contents/Developer/Platforms/MacOSX.platform/Developer/SDKs/MacOSX.sdk/usr/include/sasl -I/opt/homebrew/include -I/Applications/Xcode.app/Contents/Developer/Platforms/MacOSX.platform/Developer/SDKs/MacOSX.sdk/usr/include -I/Applications/Xcode.app/Contents/Developer/Platforms/MacOSX.platform/Developer/SDKs/MacOSX.sdk/usr/include/sasl -I/opt/homebrew/include -I/Applications/Xcode.app/Contents/Developer/Platforms/MacOSX.platform/Developer/SDKs/MacOSX.sdk/usr/include -I/Applications/Xcode.app/Contents/Developer/Platforms/MacOSX.platform/Developer/SDKs/MacOSX.sdk/usr/include/sasl  -arch x86_64 -isysroot /Applications/Xcode.app/Contents/Developer/Platforms/MacOSX.platform/Developer/SDKs/MacOSX.sdk   -v -Wl -v -MD -MT CMakeFiles/cmTC_beb92.dir/CMakeCCompilerABI.c.o -MF CMakeFiles/cmTC_beb92.dir/CMakeCCompilerABI.c.o.d -o CMakeFiles/cmTC_beb92.dir/CMakeCCompilerABI.c.o -c /usr/local/Cellar/cmake/3.25.2/share/cmake/Modules/CMakeCCompilerABI.c]
  ignore line: [clang version 14.0.6]
  ignore line: [Target: x86_64-apple-darwin20.0.0]
  ignore line: [Thread model: posix]
  ignore line: [InstalledDir: /Users/jeremi/miniforge3/envs/tta/bin]
  ignore line: [clang-14: warning: -Wl -v: 'linker' input unused [-Wunused-command-line-argument]]
  ignore line: [ (in-process)]
  ignore line: [ "/Users/jeremi/miniforge3/envs/tta/bin/clang-14" -cc1 -triple x86_64-apple-macosx13.0.0 -Wundef-prefix=TARGET_OS_ -Werror=undef-prefix -Wdeprecated-objc-isa-usage -Werror=deprecated-objc-isa-usage -emit-obj -mrelax-all --mrelax-relocations -disable-free -clear-ast-before-backend -disable-llvm-verifier -discard-value-names -main-file-name CMakeCCompilerABI.c -mrelocation-model pic -pic-level 2 -mframe-pointer=all -ffp-contract=on -fno-rounding-math -funwind-tables=2 -target-sdk-version=13.3 -fcompatibility-qualified-id-block-type-checking -fvisibility-inlines-hidden-static-local-var -target-cpu penryn -tune-cpu generic -mllvm -treat-scalable-fixed-error-as-warning -debugger-tuning=lldb -target-linker-version 609 -v -fcoverage-compilation-dir=/Users/jeremi/Documents/Physics/DESY/ttalps_cms.nosync/ttalps_cms/core/build/CMakeFiles/CMakeScratch/TryCompile-jFYnDL -resource-dir /Users/jeremi/miniforge3/envs/tta/lib/clang/14.0.6 -dependency-file CMakeFiles/cmTC_beb92.dir/CMakeCCompilerABI.c.o.d -MT CMakeFiles/cmTC_beb92.dir/CMakeCCompilerABI.c.o -sys-header-deps -isysroot /Applications/Xcode.app/Contents/Developer/Platforms/MacOSX.platform/Developer/SDKs/MacOSX.sdk -I /opt/homebrew/include -I /Applications/Xcode.app/Contents/Developer/Platforms/MacOSX.platform/Developer/SDKs/MacOSX.sdk/usr/include -I /Applications/Xcode.app/Contents/Developer/Platforms/MacOSX.platform/Developer/SDKs/MacOSX.sdk/usr/include/sasl -I /opt/homebrew/include -I /Applications/Xcode.app/Contents/Developer/Platforms/MacOSX.platform/Developer/SDKs/MacOSX.sdk/usr/include -I /Applications/Xcode.app/Contents/Developer/Platforms/MacOSX.platform/Developer/SDKs/MacOSX.sdk/usr/include/sasl -I /opt/homebrew/include -I /Applications/Xcode.app/Contents/Developer/Platforms/MacOSX.platform/Developer/SDKs/MacOSX.sdk/usr/include -I /Applications/Xcode.app/Contents/Developer/Platforms/MacOSX.platform/Developer/SDKs/MacOSX.sdk/usr/include/sasl -I/Applications/Xcode.app/Contents/Developer/Platforms/MacOSX.platform/Developer/SDKs/MacOSX.sdk/usr/include -internal-isystem /Applications/Xcode.app/Contents/Developer/Platforms/MacOSX.platform/Developer/SDKs/MacOSX.sdk/usr/local/include -internal-isystem /Users/jeremi/miniforge3/envs/tta/lib/clang/14.0.6/include -internal-externc-isystem /Applications/Xcode.app/Contents/Developer/Platforms/MacOSX.platform/Developer/SDKs/MacOSX.sdk/usr/include -fdebug-compilation-dir=/Users/jeremi/Documents/Physics/DESY/ttalps_cms.nosync/ttalps_cms/core/build/CMakeFiles/CMakeScratch/TryCompile-jFYnDL -ferror-limit 19 -stack-protector 1 -fblocks -fencode-extended-block-signature -fregister-global-dtors-with-atexit -fgnuc-version=4.2.1 -fmax-type-align=16 -D__GCC_HAVE_DWARF2_CFI_ASM=1 -o CMakeFiles/cmTC_beb92.dir/CMakeCCompilerABI.c.o -x c /usr/local/Cellar/cmake/3.25.2/share/cmake/Modules/CMakeCCompilerABI.c]
  ignore line: [clang -cc1 version 14.0.6 based upon LLVM 14.0.6 default target arm64-apple-darwin22.3.0]
  ignore line: [ignoring nonexistent directory "/Applications/Xcode.app/Contents/Developer/Platforms/MacOSX.platform/Developer/SDKs/MacOSX.sdk/usr/local/include"]
  ignore line: [ignoring nonexistent directory "/Applications/Xcode.app/Contents/Developer/Platforms/MacOSX.platform/Developer/SDKs/MacOSX.sdk/Library/Frameworks"]
  ignore line: [ignoring duplicate directory "/opt/homebrew/include"]
  ignore line: [ignoring duplicate directory "/Applications/Xcode.app/Contents/Developer/Platforms/MacOSX.platform/Developer/SDKs/MacOSX.sdk/usr/include"]
  ignore line: [ignoring duplicate directory "/Applications/Xcode.app/Contents/Developer/Platforms/MacOSX.platform/Developer/SDKs/MacOSX.sdk/usr/include/sasl"]
  ignore line: [ignoring duplicate directory "/opt/homebrew/include"]
  ignore line: [ignoring duplicate directory "/Applications/Xcode.app/Contents/Developer/Platforms/MacOSX.platform/Developer/SDKs/MacOSX.sdk/usr/include"]
  ignore line: [ignoring duplicate directory "/Applications/Xcode.app/Contents/Developer/Platforms/MacOSX.platform/Developer/SDKs/MacOSX.sdk/usr/include/sasl"]
  ignore line: [ignoring duplicate directory "/Applications/Xcode.app/Contents/Developer/Platforms/MacOSX.platform/Developer/SDKs/MacOSX.sdk/usr/include"]
  ignore line: [ignoring duplicate directory "/Applications/Xcode.app/Contents/Developer/Platforms/MacOSX.platform/Developer/SDKs/MacOSX.sdk/usr/include"]
  ignore line: [  as it is a non-system directory that duplicates a system directory]
  ignore line: [#include "..." search starts here:]
  ignore line: [#include <...> search starts here:]
  ignore line: [ /opt/homebrew/include]
  ignore line: [ /Applications/Xcode.app/Contents/Developer/Platforms/MacOSX.platform/Developer/SDKs/MacOSX.sdk/usr/include/sasl]
  ignore line: [ /Users/jeremi/miniforge3/envs/tta/lib/clang/14.0.6/include]
  ignore line: [ /Applications/Xcode.app/Contents/Developer/Platforms/MacOSX.platform/Developer/SDKs/MacOSX.sdk/usr/include]
  ignore line: [ /Applications/Xcode.app/Contents/Developer/Platforms/MacOSX.platform/Developer/SDKs/MacOSX.sdk/System/Library/Frameworks (framework directory)]
  ignore line: [End of search list.]
  ignore line: [Linking C executable cmTC_beb92]
  ignore line: [/usr/local/Cellar/cmake/3.25.2/bin/cmake -E cmake_link_script CMakeFiles/cmTC_beb92.dir/link.txt --verbose=1]
  ignore line: [/Users/jeremi/miniforge3/envs/tta/bin/arm64-apple-darwin20.0.0-clang -I/opt/homebrew/include -I/Applications/Xcode.app/Contents/Developer/Platforms/MacOSX.platform/Developer/SDKs/MacOSX.sdk/usr/include -I/Applications/Xcode.app/Contents/Developer/Platforms/MacOSX.platform/Developer/SDKs/MacOSX.sdk/usr/include/sasl -I/opt/homebrew/include -I/Applications/Xcode.app/Contents/Developer/Platforms/MacOSX.platform/Developer/SDKs/MacOSX.sdk/usr/include -I/Applications/Xcode.app/Contents/Developer/Platforms/MacOSX.platform/Developer/SDKs/MacOSX.sdk/usr/include/sasl -I/opt/homebrew/include -I/Applications/Xcode.app/Contents/Developer/Platforms/MacOSX.platform/Developer/SDKs/MacOSX.sdk/usr/include -I/Applications/Xcode.app/Contents/Developer/Platforms/MacOSX.platform/Developer/SDKs/MacOSX.sdk/usr/include/sasl  -arch x86_64 -isysroot /Applications/Xcode.app/Contents/Developer/Platforms/MacOSX.platform/Developer/SDKs/MacOSX.sdk -Wl -search_paths_first -Wl -headerpad_max_install_names -L/opt/homebrew/opt/openssl/lib -L/opt/homebrew/lib -L/Applications/Xcode.app/Contents/Developer/Platforms/MacOSX.platform/Developer/SDKs/MacOSX.sdk/usr/lib -L/opt/homebrew/opt/openssl/lib -L/opt/homebrew/lib -L/Applications/Xcode.app/Contents/Developer/Platforms/MacOSX.platform/Developer/SDKs/MacOSX.sdk/usr/lib -L/opt/homebrew/opt/openssl/lib -L/opt/homebrew/lib -L/Applications/Xcode.app/Contents/Developer/Platforms/MacOSX.platform/Developer/SDKs/MacOSX.sdk/usr/lib -v -Wl -v CMakeFiles/cmTC_beb92.dir/CMakeCCompilerABI.c.o -o cmTC_beb92 ]
  ignore line: [clang version 14.0.6]
  ignore line: [Target: x86_64-apple-darwin20.0.0]
  ignore line: [Thread model: posix]
  ignore line: [InstalledDir: /Users/jeremi/miniforge3/envs/tta/bin]
  link line: [ "/Users/jeremi/miniforge3/envs/tta/bin/arm64-apple-darwin20.0.0-ld" -demangle -lto_library /Users/jeremi/miniforge3/envs/tta/lib/libLTO.14.dylib -dynamic -arch x86_64 -platform_version macos 13.0.0 13.3 -syslibroot /Applications/Xcode.app/Contents/Developer/Platforms/MacOSX.platform/Developer/SDKs/MacOSX.sdk -o cmTC_beb92 -L/opt/homebrew/opt/openssl/lib -L/opt/homebrew/lib -L/Applications/Xcode.app/Contents/Developer/Platforms/MacOSX.platform/Developer/SDKs/MacOSX.sdk/usr/lib -L/opt/homebrew/opt/openssl/lib -L/opt/homebrew/lib -L/Applications/Xcode.app/Contents/Developer/Platforms/MacOSX.platform/Developer/SDKs/MacOSX.sdk/usr/lib -L/opt/homebrew/opt/openssl/lib -L/opt/homebrew/lib -L/Applications/Xcode.app/Contents/Developer/Platforms/MacOSX.platform/Developer/SDKs/MacOSX.sdk/usr/lib -search_paths_first -headerpad_max_install_names -v CMakeFiles/cmTC_beb92.dir/CMakeCCompilerABI.c.o -lSystem /Users/jeremi/miniforge3/envs/tta/lib/clang/14.0.6/lib/darwin/libclang_rt.osx.a]
    arg [/Users/jeremi/miniforge3/envs/tta/bin/arm64-apple-darwin20.0.0-ld] ==> ignore
    arg [-demangle] ==> ignore
    arg [-lto_library] ==> ignore, skip following value
    arg [/Users/jeremi/miniforge3/envs/tta/lib/libLTO.14.dylib] ==> skip value of -lto_library
    arg [-dynamic] ==> ignore
    arg [-arch] ==> ignore
    arg [x86_64] ==> ignore
    arg [-platform_version] ==> ignore
    arg [macos] ==> ignore
    arg [13.0.0] ==> ignore
    arg [13.3] ==> ignore
    arg [-syslibroot] ==> ignore
    arg [/Applications/Xcode.app/Contents/Developer/Platforms/MacOSX.platform/Developer/SDKs/MacOSX.sdk] ==> ignore
    arg [-o] ==> ignore
    arg [cmTC_beb92] ==> ignore
    arg [-L/opt/homebrew/opt/openssl/lib] ==> dir [/opt/homebrew/opt/openssl/lib]
    arg [-L/opt/homebrew/lib] ==> dir [/opt/homebrew/lib]
    arg [-L/Applications/Xcode.app/Contents/Developer/Platforms/MacOSX.platform/Developer/SDKs/MacOSX.sdk/usr/lib] ==> dir [/Applications/Xcode.app/Contents/Developer/Platforms/MacOSX.platform/Developer/SDKs/MacOSX.sdk/usr/lib]
    arg [-L/opt/homebrew/opt/openssl/lib] ==> dir [/opt/homebrew/opt/openssl/lib]
    arg [-L/opt/homebrew/lib] ==> dir [/opt/homebrew/lib]
    arg [-L/Applications/Xcode.app/Contents/Developer/Platforms/MacOSX.platform/Developer/SDKs/MacOSX.sdk/usr/lib] ==> dir [/Applications/Xcode.app/Contents/Developer/Platforms/MacOSX.platform/Developer/SDKs/MacOSX.sdk/usr/lib]
    arg [-L/opt/homebrew/opt/openssl/lib] ==> dir [/opt/homebrew/opt/openssl/lib]
    arg [-L/opt/homebrew/lib] ==> dir [/opt/homebrew/lib]
    arg [-L/Applications/Xcode.app/Contents/Developer/Platforms/MacOSX.platform/Developer/SDKs/MacOSX.sdk/usr/lib] ==> dir [/Applications/Xcode.app/Contents/Developer/Platforms/MacOSX.platform/Developer/SDKs/MacOSX.sdk/usr/lib]
    arg [-search_paths_first] ==> ignore
    arg [-headerpad_max_install_names] ==> ignore
    arg [-v] ==> ignore
    arg [CMakeFiles/cmTC_beb92.dir/CMakeCCompilerABI.c.o] ==> ignore
    arg [-lSystem] ==> lib [System]
    arg [/Users/jeremi/miniforge3/envs/tta/lib/clang/14.0.6/lib/darwin/libclang_rt.osx.a] ==> lib [/Users/jeremi/miniforge3/envs/tta/lib/clang/14.0.6/lib/darwin/libclang_rt.osx.a]
  Library search paths: [;/opt/homebrew/opt/openssl/lib;/opt/homebrew/lib;/Applications/Xcode.app/Contents/Developer/Platforms/MacOSX.platform/Developer/SDKs/MacOSX.sdk/usr/lib;/opt/homebrew/opt/openssl/lib;/opt/homebrew/lib;/Applications/Xcode.app/Contents/Developer/Platforms/MacOSX.platform/Developer/SDKs/MacOSX.sdk/usr/lib;/opt/homebrew/opt/openssl/lib;/opt/homebrew/lib;/Applications/Xcode.app/Contents/Developer/Platforms/MacOSX.platform/Developer/SDKs/MacOSX.sdk/usr/lib;/Applications/Xcode.app/Contents/Developer/Platforms/MacOSX.platform/Developer/SDKs/MacOSX.sdk/usr/lib]
  Framework search paths: [;/Applications/Xcode.app/Contents/Developer/Platforms/MacOSX.platform/Developer/SDKs/MacOSX.sdk/System/Library/Frameworks/]
  remove lib [System]
  remove lib [/Users/jeremi/miniforge3/envs/tta/lib/clang/14.0.6/lib/darwin/libclang_rt.osx.a]
  collapse library dir [/opt/homebrew/opt/openssl/lib] ==> [/opt/homebrew/opt/openssl/lib]
  collapse library dir [/opt/homebrew/lib] ==> [/opt/homebrew/lib]
  collapse library dir [/Applications/Xcode.app/Contents/Developer/Platforms/MacOSX.platform/Developer/SDKs/MacOSX.sdk/usr/lib] ==> [/Applications/Xcode.app/Contents/Developer/Platforms/MacOSX.platform/Developer/SDKs/MacOSX.sdk/usr/lib]
  collapse library dir [/opt/homebrew/opt/openssl/lib] ==> [/opt/homebrew/opt/openssl/lib]
  collapse library dir [/opt/homebrew/lib] ==> [/opt/homebrew/lib]
  collapse library dir [/Applications/Xcode.app/Contents/Developer/Platforms/MacOSX.platform/Developer/SDKs/MacOSX.sdk/usr/lib] ==> [/Applications/Xcode.app/Contents/Developer/Platforms/MacOSX.platform/Developer/SDKs/MacOSX.sdk/usr/lib]
  collapse library dir [/opt/homebrew/opt/openssl/lib] ==> [/opt/homebrew/opt/openssl/lib]
  collapse library dir [/opt/homebrew/lib] ==> [/opt/homebrew/lib]
  collapse library dir [/Applications/Xcode.app/Contents/Developer/Platforms/MacOSX.platform/Developer/SDKs/MacOSX.sdk/usr/lib] ==> [/Applications/Xcode.app/Contents/Developer/Platforms/MacOSX.platform/Developer/SDKs/MacOSX.sdk/usr/lib]
  collapse library dir [/opt/homebrew/opt/openssl/lib] ==> [/opt/homebrew/opt/openssl/lib]
  collapse library dir [/opt/homebrew/lib] ==> [/opt/homebrew/lib]
  collapse library dir [/Applications/Xcode.app/Contents/Developer/Platforms/MacOSX.platform/Developer/SDKs/MacOSX.sdk/usr/lib] ==> [/Applications/Xcode.app/Contents/Developer/Platforms/MacOSX.platform/Developer/SDKs/MacOSX.sdk/usr/lib]
  collapse library dir [/opt/homebrew/opt/openssl/lib] ==> [/opt/homebrew/opt/openssl/lib]
  collapse library dir [/opt/homebrew/lib] ==> [/opt/homebrew/lib]
  collapse library dir [/Applications/Xcode.app/Contents/Developer/Platforms/MacOSX.platform/Developer/SDKs/MacOSX.sdk/usr/lib] ==> [/Applications/Xcode.app/Contents/Developer/Platforms/MacOSX.platform/Developer/SDKs/MacOSX.sdk/usr/lib]
  collapse library dir [/opt/homebrew/opt/openssl/lib] ==> [/opt/homebrew/opt/openssl/lib]
  collapse library dir [/opt/homebrew/lib] ==> [/opt/homebrew/lib]
  collapse library dir [/Applications/Xcode.app/Contents/Developer/Platforms/MacOSX.platform/Developer/SDKs/MacOSX.sdk/usr/lib] ==> [/Applications/Xcode.app/Contents/Developer/Platforms/MacOSX.platform/Developer/SDKs/MacOSX.sdk/usr/lib]
  collapse library dir [/Applications/Xcode.app/Contents/Developer/Platforms/MacOSX.platform/Developer/SDKs/MacOSX.sdk/usr/lib] ==> [/Applications/Xcode.app/Contents/Developer/Platforms/MacOSX.platform/Developer/SDKs/MacOSX.sdk/usr/lib]
  collapse framework dir [/Applications/Xcode.app/Contents/Developer/Platforms/MacOSX.platform/Developer/SDKs/MacOSX.sdk/System/Library/Frameworks/] ==> [/Applications/Xcode.app/Contents/Developer/Platforms/MacOSX.platform/Developer/SDKs/MacOSX.sdk/System/Library/Frameworks]
  implicit libs: []
  implicit objs: []
  implicit dirs: [/opt/homebrew/opt/openssl/lib;/opt/homebrew/lib;/Applications/Xcode.app/Contents/Developer/Platforms/MacOSX.platform/Developer/SDKs/MacOSX.sdk/usr/lib]
  implicit fwks: [/Applications/Xcode.app/Contents/Developer/Platforms/MacOSX.platform/Developer/SDKs/MacOSX.sdk/System/Library/Frameworks]


Detecting CXX compiler ABI info compiled with the following output:
Change Dir: /Users/jeremi/Documents/Physics/DESY/ttalps_cms.nosync/ttalps_cms/core/build/CMakeFiles/CMakeScratch/TryCompile-KyADHt

Run Build Command(s):/usr/bin/make -f Makefile cmTC_7ffd3/fast && /Applications/Xcode.app/Contents/Developer/usr/bin/make  -f CMakeFiles/cmTC_7ffd3.dir/build.make CMakeFiles/cmTC_7ffd3.dir/build
Building CXX object CMakeFiles/cmTC_7ffd3.dir/CMakeCXXCompilerABI.cpp.o
/Users/jeremi/miniforge3/envs/tta/bin/arm64-apple-darwin20.0.0-clang++   -ftree-vectorize -fPIC -fPIE -fstack-protector-strong -O2 -pipe -stdlib=libc++ -fvisibility-inlines-hidden -fmessage-length=0 -isystem /Users/jeremi/miniforge3/envs/tta/include  -arch x86_64 -isysroot /Applications/Xcode.app/Contents/Developer/Platforms/MacOSX.platform/Developer/SDKs/MacOSX.sdk   -v -Wl,-v -MD -MT CMakeFiles/cmTC_7ffd3.dir/CMakeCXXCompilerABI.cpp.o -MF CMakeFiles/cmTC_7ffd3.dir/CMakeCXXCompilerABI.cpp.o.d -o CMakeFiles/cmTC_7ffd3.dir/CMakeCXXCompilerABI.cpp.o -c /usr/local/Cellar/cmake/3.25.2/share/cmake/Modules/CMakeCXXCompilerABI.cpp
clang version 14.0.6
Target: x86_64-apple-darwin20.0.0
Thread model: posix
InstalledDir: /Users/jeremi/miniforge3/envs/tta/bin
clang-14: warning: -Wl,-v: 'linker' input unused [-Wunused-command-line-argument]
 (in-process)
 "/Users/jeremi/miniforge3/envs/tta/bin/clang-14" -cc1 -triple x86_64-apple-macosx13.0.0 -Wundef-prefix=TARGET_OS_ -Werror=undef-prefix -Wdeprecated-objc-isa-usage -Werror=deprecated-objc-isa-usage -emit-obj --mrelax-relocations -disable-free -clear-ast-before-backend -disable-llvm-verifier -discard-value-names -main-file-name CMakeCXXCompilerABI.cpp -mrelocation-model pic -pic-level 2 -mframe-pointer=all -ffp-contract=on -fno-rounding-math -funwind-tables=2 -target-sdk-version=13.3 -fcompatibility-qualified-id-block-type-checking -fvisibility-inlines-hidden-static-local-var -target-cpu penryn -tune-cpu generic -mllvm -treat-scalable-fixed-error-as-warning -debugger-tuning=lldb -target-linker-version 609 -v -fcoverage-compilation-dir=/Users/jeremi/Documents/Physics/DESY/ttalps_cms.nosync/ttalps_cms/core/build/CMakeFiles/CMakeScratch/TryCompile-KyADHt -resource-dir /Users/jeremi/miniforge3/envs/tta/lib/clang/14.0.6 -dependency-file CMakeFiles/cmTC_7ffd3.dir/CMakeCXXCompilerABI.cpp.o.d -MT CMakeFiles/cmTC_7ffd3.dir/CMakeCXXCompilerABI.cpp.o -sys-header-deps -isystem /Users/jeremi/miniforge3/envs/tta/include -isysroot /Applications/Xcode.app/Contents/Developer/Platforms/MacOSX.platform/Developer/SDKs/MacOSX.sdk -I/Applications/Xcode.app/Contents/Developer/Platforms/MacOSX.platform/Developer/SDKs/MacOSX.sdk/usr/include -stdlib=libc++ -internal-isystem /Users/jeremi/miniforge3/envs/tta/bin/../include/c++/v1 -internal-isystem /Applications/Xcode.app/Contents/Developer/Platforms/MacOSX.platform/Developer/SDKs/MacOSX.sdk/usr/local/include -internal-isystem /Users/jeremi/miniforge3/envs/tta/lib/clang/14.0.6/include -internal-externc-isystem /Applications/Xcode.app/Contents/Developer/Platforms/MacOSX.platform/Developer/SDKs/MacOSX.sdk/usr/include -O2 -fdeprecated-macro -fdebug-compilation-dir=/Users/jeremi/Documents/Physics/DESY/ttalps_cms.nosync/ttalps_cms/core/build/CMakeFiles/CMakeScratch/TryCompile-KyADHt -ferror-limit 19 -fvisibility-inlines-hidden -stack-protector 2 -fblocks -fencode-extended-block-signature -fregister-global-dtors-with-atexit -fgnuc-version=4.2.1 -fcxx-exceptions -fexceptions -fmax-type-align=16 -vectorize-loops -vectorize-slp -D__GCC_HAVE_DWARF2_CFI_ASM=1 -o CMakeFiles/cmTC_7ffd3.dir/CMakeCXXCompilerABI.cpp.o -x c++ /usr/local/Cellar/cmake/3.25.2/share/cmake/Modules/CMakeCXXCompilerABI.cpp
clang -cc1 version 14.0.6 based upon LLVM 14.0.6 default target arm64-apple-darwin22.3.0
ignoring nonexistent directory "/Applications/Xcode.app/Contents/Developer/Platforms/MacOSX.platform/Developer/SDKs/MacOSX.sdk/usr/local/include"
ignoring nonexistent directory "/Applications/Xcode.app/Contents/Developer/Platforms/MacOSX.platform/Developer/SDKs/MacOSX.sdk/Library/Frameworks"
ignoring duplicate directory "/Applications/Xcode.app/Contents/Developer/Platforms/MacOSX.platform/Developer/SDKs/MacOSX.sdk/usr/include"
  as it is a non-system directory that duplicates a system directory
#include "..." search starts here:
#include <...> search starts here:
 /Users/jeremi/miniforge3/envs/tta/include
 /Users/jeremi/miniforge3/envs/tta/bin/../include/c++/v1
 /Users/jeremi/miniforge3/envs/tta/lib/clang/14.0.6/include
 /Applications/Xcode.app/Contents/Developer/Platforms/MacOSX.platform/Developer/SDKs/MacOSX.sdk/usr/include
 /Applications/Xcode.app/Contents/Developer/Platforms/MacOSX.platform/Developer/SDKs/MacOSX.sdk/System/Library/Frameworks (framework directory)
End of search list.
Linking CXX executable cmTC_7ffd3
/usr/local/Cellar/cmake/3.25.2/bin/cmake -E cmake_link_script CMakeFiles/cmTC_7ffd3.dir/link.txt --verbose=1
/Users/jeremi/miniforge3/envs/tta/bin/arm64-apple-darwin20.0.0-clang++ -ftree-vectorize -fPIC -fPIE -fstack-protector-strong -O2 -pipe -stdlib=libc++ -fvisibility-inlines-hidden -fmessage-length=0 -isystem /Users/jeremi/miniforge3/envs/tta/include  -arch x86_64 -isysroot /Applications/Xcode.app/Contents/Developer/Platforms/MacOSX.platform/Developer/SDKs/MacOSX.sdk -Wl,-search_paths_first -Wl,-headerpad_max_install_names -L/opt/homebrew/opt/openssl/lib -L/opt/homebrew/lib -L/Applications/Xcode.app/Contents/Developer/Platforms/MacOSX.platform/Developer/SDKs/MacOSX.sdk/usr/lib -L/opt/homebrew/opt/openssl/lib -L/opt/homebrew/lib -L/Applications/Xcode.app/Contents/Developer/Platforms/MacOSX.platform/Developer/SDKs/MacOSX.sdk/usr/lib -L/opt/homebrew/opt/openssl/lib -L/opt/homebrew/lib -L/Applications/Xcode.app/Contents/Developer/Platforms/MacOSX.platform/Developer/SDKs/MacOSX.sdk/usr/lib -v -Wl,-v CMakeFiles/cmTC_7ffd3.dir/CMakeCXXCompilerABI.cpp.o -o cmTC_7ffd3 
clang version 14.0.6
Target: x86_64-apple-darwin20.0.0
Thread model: posix
InstalledDir: /Users/jeremi/miniforge3/envs/tta/bin
 "/Users/jeremi/miniforge3/envs/tta/bin/arm64-apple-darwin20.0.0-ld" -demangle -lto_library /Users/jeremi/miniforge3/envs/tta/lib/libLTO.14.dylib -dynamic -arch x86_64 -platform_version macos 13.0.0 13.3 -pie -syslibroot /Applications/Xcode.app/Contents/Developer/Platforms/MacOSX.platform/Developer/SDKs/MacOSX.sdk -o cmTC_7ffd3 -L/opt/homebrew/opt/openssl/lib -L/opt/homebrew/lib -L/Applications/Xcode.app/Contents/Developer/Platforms/MacOSX.platform/Developer/SDKs/MacOSX.sdk/usr/lib -L/opt/homebrew/opt/openssl/lib -L/opt/homebrew/lib -L/Applications/Xcode.app/Contents/Developer/Platforms/MacOSX.platform/Developer/SDKs/MacOSX.sdk/usr/lib -L/opt/homebrew/opt/openssl/lib -L/opt/homebrew/lib -L/Applications/Xcode.app/Contents/Developer/Platforms/MacOSX.platform/Developer/SDKs/MacOSX.sdk/usr/lib -search_paths_first -headerpad_max_install_names -v CMakeFiles/cmTC_7ffd3.dir/CMakeCXXCompilerABI.cpp.o -lc++ -lSystem /Users/jeremi/miniforge3/envs/tta/lib/clang/14.0.6/lib/darwin/libclang_rt.osx.a
@(#)PROGRAM:ld  PROJECT:ld64-609
BUILD 17:39:38 Mar 22 2023
configured to support archs: armv6 armv7 armv7s arm64 arm64e arm64_32 i386 x86_64 x86_64h armv6m armv7k armv7m armv7em (tvOS)
Library search paths:
	/opt/homebrew/opt/openssl/lib
	/opt/homebrew/lib
	/Applications/Xcode.app/Contents/Developer/Platforms/MacOSX.platform/Developer/SDKs/MacOSX.sdk/usr/lib
	/opt/homebrew/opt/openssl/lib
	/opt/homebrew/lib
	/Applications/Xcode.app/Contents/Developer/Platforms/MacOSX.platform/Developer/SDKs/MacOSX.sdk/usr/lib
	/opt/homebrew/opt/openssl/lib
	/opt/homebrew/lib
	/Applications/Xcode.app/Contents/Developer/Platforms/MacOSX.platform/Developer/SDKs/MacOSX.sdk/usr/lib
	/Applications/Xcode.app/Contents/Developer/Platforms/MacOSX.platform/Developer/SDKs/MacOSX.sdk/usr/lib
Framework search paths:
	/Applications/Xcode.app/Contents/Developer/Platforms/MacOSX.platform/Developer/SDKs/MacOSX.sdk/System/Library/Frameworks/



Parsed CXX implicit include dir info from above output: rv=done
  found start of include info
  found start of implicit include info
    add: [/Users/jeremi/miniforge3/envs/tta/include]
    add: [/Users/jeremi/miniforge3/envs/tta/bin/../include/c++/v1]
    add: [/Users/jeremi/miniforge3/envs/tta/lib/clang/14.0.6/include]
    add: [/Applications/Xcode.app/Contents/Developer/Platforms/MacOSX.platform/Developer/SDKs/MacOSX.sdk/usr/include]
  end of search list found
  collapse include dir [/Users/jeremi/miniforge3/envs/tta/include] ==> [/Users/jeremi/miniforge3/envs/tta/include]
  collapse include dir [/Users/jeremi/miniforge3/envs/tta/bin/../include/c++/v1] ==> [/Users/jeremi/miniforge3/envs/tta/include/c++/v1]
  collapse include dir [/Users/jeremi/miniforge3/envs/tta/lib/clang/14.0.6/include] ==> [/Users/jeremi/miniforge3/envs/tta/lib/clang/14.0.6/include]
  collapse include dir [/Applications/Xcode.app/Contents/Developer/Platforms/MacOSX.platform/Developer/SDKs/MacOSX.sdk/usr/include] ==> [/Applications/Xcode.app/Contents/Developer/Platforms/MacOSX.platform/Developer/SDKs/MacOSX.sdk/usr/include]
  implicit include dirs: [/Users/jeremi/miniforge3/envs/tta/include;/Users/jeremi/miniforge3/envs/tta/include/c++/v1;/Users/jeremi/miniforge3/envs/tta/lib/clang/14.0.6/include;/Applications/Xcode.app/Contents/Developer/Platforms/MacOSX.platform/Developer/SDKs/MacOSX.sdk/usr/include]


Parsed CXX implicit link information from above output:
  link line regex: [^( *|.*[/\])(arm64-apple-darwin20\.0\.0-ld|CMAKE_LINK_STARTFILE-NOTFOUND|([^/\]+-)?ld|collect2)[^/\]*( |$)]
  ignore line: [Change Dir: /Users/jeremi/Documents/Physics/DESY/ttalps_cms.nosync/ttalps_cms/core/build/CMakeFiles/CMakeScratch/TryCompile-KyADHt]
  ignore line: []
  ignore line: [Run Build Command(s):/usr/bin/make -f Makefile cmTC_7ffd3/fast && /Applications/Xcode.app/Contents/Developer/usr/bin/make  -f CMakeFiles/cmTC_7ffd3.dir/build.make CMakeFiles/cmTC_7ffd3.dir/build]
  ignore line: [Building CXX object CMakeFiles/cmTC_7ffd3.dir/CMakeCXXCompilerABI.cpp.o]
  ignore line: [/Users/jeremi/miniforge3/envs/tta/bin/arm64-apple-darwin20.0.0-clang++   -ftree-vectorize -fPIC -fPIE -fstack-protector-strong -O2 -pipe -stdlib=libc++ -fvisibility-inlines-hidden -fmessage-length=0 -isystem /Users/jeremi/miniforge3/envs/tta/include  -arch x86_64 -isysroot /Applications/Xcode.app/Contents/Developer/Platforms/MacOSX.platform/Developer/SDKs/MacOSX.sdk   -v -Wl -v -MD -MT CMakeFiles/cmTC_7ffd3.dir/CMakeCXXCompilerABI.cpp.o -MF CMakeFiles/cmTC_7ffd3.dir/CMakeCXXCompilerABI.cpp.o.d -o CMakeFiles/cmTC_7ffd3.dir/CMakeCXXCompilerABI.cpp.o -c /usr/local/Cellar/cmake/3.25.2/share/cmake/Modules/CMakeCXXCompilerABI.cpp]
  ignore line: [clang version 14.0.6]
  ignore line: [Target: x86_64-apple-darwin20.0.0]
  ignore line: [Thread model: posix]
  ignore line: [InstalledDir: /Users/jeremi/miniforge3/envs/tta/bin]
  ignore line: [clang-14: warning: -Wl -v: 'linker' input unused [-Wunused-command-line-argument]]
  ignore line: [ (in-process)]
  ignore line: [ "/Users/jeremi/miniforge3/envs/tta/bin/clang-14" -cc1 -triple x86_64-apple-macosx13.0.0 -Wundef-prefix=TARGET_OS_ -Werror=undef-prefix -Wdeprecated-objc-isa-usage -Werror=deprecated-objc-isa-usage -emit-obj --mrelax-relocations -disable-free -clear-ast-before-backend -disable-llvm-verifier -discard-value-names -main-file-name CMakeCXXCompilerABI.cpp -mrelocation-model pic -pic-level 2 -mframe-pointer=all -ffp-contract=on -fno-rounding-math -funwind-tables=2 -target-sdk-version=13.3 -fcompatibility-qualified-id-block-type-checking -fvisibility-inlines-hidden-static-local-var -target-cpu penryn -tune-cpu generic -mllvm -treat-scalable-fixed-error-as-warning -debugger-tuning=lldb -target-linker-version 609 -v -fcoverage-compilation-dir=/Users/jeremi/Documents/Physics/DESY/ttalps_cms.nosync/ttalps_cms/core/build/CMakeFiles/CMakeScratch/TryCompile-KyADHt -resource-dir /Users/jeremi/miniforge3/envs/tta/lib/clang/14.0.6 -dependency-file CMakeFiles/cmTC_7ffd3.dir/CMakeCXXCompilerABI.cpp.o.d -MT CMakeFiles/cmTC_7ffd3.dir/CMakeCXXCompilerABI.cpp.o -sys-header-deps -isystem /Users/jeremi/miniforge3/envs/tta/include -isysroot /Applications/Xcode.app/Contents/Developer/Platforms/MacOSX.platform/Developer/SDKs/MacOSX.sdk -I/Applications/Xcode.app/Contents/Developer/Platforms/MacOSX.platform/Developer/SDKs/MacOSX.sdk/usr/include -stdlib=libc++ -internal-isystem /Users/jeremi/miniforge3/envs/tta/bin/../include/c++/v1 -internal-isystem /Applications/Xcode.app/Contents/Developer/Platforms/MacOSX.platform/Developer/SDKs/MacOSX.sdk/usr/local/include -internal-isystem /Users/jeremi/miniforge3/envs/tta/lib/clang/14.0.6/include -internal-externc-isystem /Applications/Xcode.app/Contents/Developer/Platforms/MacOSX.platform/Developer/SDKs/MacOSX.sdk/usr/include -O2 -fdeprecated-macro -fdebug-compilation-dir=/Users/jeremi/Documents/Physics/DESY/ttalps_cms.nosync/ttalps_cms/core/build/CMakeFiles/CMakeScratch/TryCompile-KyADHt -ferror-limit 19 -fvisibility-inlines-hidden -stack-protector 2 -fblocks -fencode-extended-block-signature -fregister-global-dtors-with-atexit -fgnuc-version=4.2.1 -fcxx-exceptions -fexceptions -fmax-type-align=16 -vectorize-loops -vectorize-slp -D__GCC_HAVE_DWARF2_CFI_ASM=1 -o CMakeFiles/cmTC_7ffd3.dir/CMakeCXXCompilerABI.cpp.o -x c++ /usr/local/Cellar/cmake/3.25.2/share/cmake/Modules/CMakeCXXCompilerABI.cpp]
  ignore line: [clang -cc1 version 14.0.6 based upon LLVM 14.0.6 default target arm64-apple-darwin22.3.0]
  ignore line: [ignoring nonexistent directory "/Applications/Xcode.app/Contents/Developer/Platforms/MacOSX.platform/Developer/SDKs/MacOSX.sdk/usr/local/include"]
  ignore line: [ignoring nonexistent directory "/Applications/Xcode.app/Contents/Developer/Platforms/MacOSX.platform/Developer/SDKs/MacOSX.sdk/Library/Frameworks"]
  ignore line: [ignoring duplicate directory "/Applications/Xcode.app/Contents/Developer/Platforms/MacOSX.platform/Developer/SDKs/MacOSX.sdk/usr/include"]
  ignore line: [  as it is a non-system directory that duplicates a system directory]
  ignore line: [#include "..." search starts here:]
  ignore line: [#include <...> search starts here:]
  ignore line: [ /Users/jeremi/miniforge3/envs/tta/include]
  ignore line: [ /Users/jeremi/miniforge3/envs/tta/bin/../include/c++/v1]
  ignore line: [ /Users/jeremi/miniforge3/envs/tta/lib/clang/14.0.6/include]
  ignore line: [ /Applications/Xcode.app/Contents/Developer/Platforms/MacOSX.platform/Developer/SDKs/MacOSX.sdk/usr/include]
  ignore line: [ /Applications/Xcode.app/Contents/Developer/Platforms/MacOSX.platform/Developer/SDKs/MacOSX.sdk/System/Library/Frameworks (framework directory)]
  ignore line: [End of search list.]
  ignore line: [Linking CXX executable cmTC_7ffd3]
  ignore line: [/usr/local/Cellar/cmake/3.25.2/bin/cmake -E cmake_link_script CMakeFiles/cmTC_7ffd3.dir/link.txt --verbose=1]
  ignore line: [/Users/jeremi/miniforge3/envs/tta/bin/arm64-apple-darwin20.0.0-clang++ -ftree-vectorize -fPIC -fPIE -fstack-protector-strong -O2 -pipe -stdlib=libc++ -fvisibility-inlines-hidden -fmessage-length=0 -isystem /Users/jeremi/miniforge3/envs/tta/include  -arch x86_64 -isysroot /Applications/Xcode.app/Contents/Developer/Platforms/MacOSX.platform/Developer/SDKs/MacOSX.sdk -Wl -search_paths_first -Wl -headerpad_max_install_names -L/opt/homebrew/opt/openssl/lib -L/opt/homebrew/lib -L/Applications/Xcode.app/Contents/Developer/Platforms/MacOSX.platform/Developer/SDKs/MacOSX.sdk/usr/lib -L/opt/homebrew/opt/openssl/lib -L/opt/homebrew/lib -L/Applications/Xcode.app/Contents/Developer/Platforms/MacOSX.platform/Developer/SDKs/MacOSX.sdk/usr/lib -L/opt/homebrew/opt/openssl/lib -L/opt/homebrew/lib -L/Applications/Xcode.app/Contents/Developer/Platforms/MacOSX.platform/Developer/SDKs/MacOSX.sdk/usr/lib -v -Wl -v CMakeFiles/cmTC_7ffd3.dir/CMakeCXXCompilerABI.cpp.o -o cmTC_7ffd3 ]
  ignore line: [clang version 14.0.6]
  ignore line: [Target: x86_64-apple-darwin20.0.0]
  ignore line: [Thread model: posix]
  ignore line: [InstalledDir: /Users/jeremi/miniforge3/envs/tta/bin]
  link line: [ "/Users/jeremi/miniforge3/envs/tta/bin/arm64-apple-darwin20.0.0-ld" -demangle -lto_library /Users/jeremi/miniforge3/envs/tta/lib/libLTO.14.dylib -dynamic -arch x86_64 -platform_version macos 13.0.0 13.3 -pie -syslibroot /Applications/Xcode.app/Contents/Developer/Platforms/MacOSX.platform/Developer/SDKs/MacOSX.sdk -o cmTC_7ffd3 -L/opt/homebrew/opt/openssl/lib -L/opt/homebrew/lib -L/Applications/Xcode.app/Contents/Developer/Platforms/MacOSX.platform/Developer/SDKs/MacOSX.sdk/usr/lib -L/opt/homebrew/opt/openssl/lib -L/opt/homebrew/lib -L/Applications/Xcode.app/Contents/Developer/Platforms/MacOSX.platform/Developer/SDKs/MacOSX.sdk/usr/lib -L/opt/homebrew/opt/openssl/lib -L/opt/homebrew/lib -L/Applications/Xcode.app/Contents/Developer/Platforms/MacOSX.platform/Developer/SDKs/MacOSX.sdk/usr/lib -search_paths_first -headerpad_max_install_names -v CMakeFiles/cmTC_7ffd3.dir/CMakeCXXCompilerABI.cpp.o -lc++ -lSystem /Users/jeremi/miniforge3/envs/tta/lib/clang/14.0.6/lib/darwin/libclang_rt.osx.a]
    arg [/Users/jeremi/miniforge3/envs/tta/bin/arm64-apple-darwin20.0.0-ld] ==> ignore
    arg [-demangle] ==> ignore
    arg [-lto_library] ==> ignore, skip following value
    arg [/Users/jeremi/miniforge3/envs/tta/lib/libLTO.14.dylib] ==> skip value of -lto_library
    arg [-dynamic] ==> ignore
    arg [-arch] ==> ignore
    arg [x86_64] ==> ignore
    arg [-platform_version] ==> ignore
    arg [macos] ==> ignore
    arg [13.0.0] ==> ignore
    arg [13.3] ==> ignore
    arg [-pie] ==> ignore
    arg [-syslibroot] ==> ignore
    arg [/Applications/Xcode.app/Contents/Developer/Platforms/MacOSX.platform/Developer/SDKs/MacOSX.sdk] ==> ignore
    arg [-o] ==> ignore
    arg [cmTC_7ffd3] ==> ignore
    arg [-L/opt/homebrew/opt/openssl/lib] ==> dir [/opt/homebrew/opt/openssl/lib]
    arg [-L/opt/homebrew/lib] ==> dir [/opt/homebrew/lib]
    arg [-L/Applications/Xcode.app/Contents/Developer/Platforms/MacOSX.platform/Developer/SDKs/MacOSX.sdk/usr/lib] ==> dir [/Applications/Xcode.app/Contents/Developer/Platforms/MacOSX.platform/Developer/SDKs/MacOSX.sdk/usr/lib]
    arg [-L/opt/homebrew/opt/openssl/lib] ==> dir [/opt/homebrew/opt/openssl/lib]
    arg [-L/opt/homebrew/lib] ==> dir [/opt/homebrew/lib]
    arg [-L/Applications/Xcode.app/Contents/Developer/Platforms/MacOSX.platform/Developer/SDKs/MacOSX.sdk/usr/lib] ==> dir [/Applications/Xcode.app/Contents/Developer/Platforms/MacOSX.platform/Developer/SDKs/MacOSX.sdk/usr/lib]
    arg [-L/opt/homebrew/opt/openssl/lib] ==> dir [/opt/homebrew/opt/openssl/lib]
    arg [-L/opt/homebrew/lib] ==> dir [/opt/homebrew/lib]
    arg [-L/Applications/Xcode.app/Contents/Developer/Platforms/MacOSX.platform/Developer/SDKs/MacOSX.sdk/usr/lib] ==> dir [/Applications/Xcode.app/Contents/Developer/Platforms/MacOSX.platform/Developer/SDKs/MacOSX.sdk/usr/lib]
    arg [-search_paths_first] ==> ignore
    arg [-headerpad_max_install_names] ==> ignore
    arg [-v] ==> ignore
    arg [CMakeFiles/cmTC_7ffd3.dir/CMakeCXXCompilerABI.cpp.o] ==> ignore
    arg [-lc++] ==> lib [c++]
    arg [-lSystem] ==> lib [System]
    arg [/Users/jeremi/miniforge3/envs/tta/lib/clang/14.0.6/lib/darwin/libclang_rt.osx.a] ==> lib [/Users/jeremi/miniforge3/envs/tta/lib/clang/14.0.6/lib/darwin/libclang_rt.osx.a]
  Library search paths: [;/opt/homebrew/opt/openssl/lib;/opt/homebrew/lib;/Applications/Xcode.app/Contents/Developer/Platforms/MacOSX.platform/Developer/SDKs/MacOSX.sdk/usr/lib;/opt/homebrew/opt/openssl/lib;/opt/homebrew/lib;/Applications/Xcode.app/Contents/Developer/Platforms/MacOSX.platform/Developer/SDKs/MacOSX.sdk/usr/lib;/opt/homebrew/opt/openssl/lib;/opt/homebrew/lib;/Applications/Xcode.app/Contents/Developer/Platforms/MacOSX.platform/Developer/SDKs/MacOSX.sdk/usr/lib;/Applications/Xcode.app/Contents/Developer/Platforms/MacOSX.platform/Developer/SDKs/MacOSX.sdk/usr/lib]
  Framework search paths: [;/Applications/Xcode.app/Contents/Developer/Platforms/MacOSX.platform/Developer/SDKs/MacOSX.sdk/System/Library/Frameworks/]
  remove lib [System]
  remove lib [/Users/jeremi/miniforge3/envs/tta/lib/clang/14.0.6/lib/darwin/libclang_rt.osx.a]
  collapse library dir [/opt/homebrew/opt/openssl/lib] ==> [/opt/homebrew/opt/openssl/lib]
  collapse library dir [/opt/homebrew/lib] ==> [/opt/homebrew/lib]
  collapse library dir [/Applications/Xcode.app/Contents/Developer/Platforms/MacOSX.platform/Developer/SDKs/MacOSX.sdk/usr/lib] ==> [/Applications/Xcode.app/Contents/Developer/Platforms/MacOSX.platform/Developer/SDKs/MacOSX.sdk/usr/lib]
  collapse library dir [/opt/homebrew/opt/openssl/lib] ==> [/opt/homebrew/opt/openssl/lib]
  collapse library dir [/opt/homebrew/lib] ==> [/opt/homebrew/lib]
  collapse library dir [/Applications/Xcode.app/Contents/Developer/Platforms/MacOSX.platform/Developer/SDKs/MacOSX.sdk/usr/lib] ==> [/Applications/Xcode.app/Contents/Developer/Platforms/MacOSX.platform/Developer/SDKs/MacOSX.sdk/usr/lib]
  collapse library dir [/opt/homebrew/opt/openssl/lib] ==> [/opt/homebrew/opt/openssl/lib]
  collapse library dir [/opt/homebrew/lib] ==> [/opt/homebrew/lib]
  collapse library dir [/Applications/Xcode.app/Contents/Developer/Platforms/MacOSX.platform/Developer/SDKs/MacOSX.sdk/usr/lib] ==> [/Applications/Xcode.app/Contents/Developer/Platforms/MacOSX.platform/Developer/SDKs/MacOSX.sdk/usr/lib]
  collapse library dir [/opt/homebrew/opt/openssl/lib] ==> [/opt/homebrew/opt/openssl/lib]
  collapse library dir [/opt/homebrew/lib] ==> [/opt/homebrew/lib]
  collapse library dir [/Applications/Xcode.app/Contents/Developer/Platforms/MacOSX.platform/Developer/SDKs/MacOSX.sdk/usr/lib] ==> [/Applications/Xcode.app/Contents/Developer/Platforms/MacOSX.platform/Developer/SDKs/MacOSX.sdk/usr/lib]
  collapse library dir [/opt/homebrew/opt/openssl/lib] ==> [/opt/homebrew/opt/openssl/lib]
  collapse library dir [/opt/homebrew/lib] ==> [/opt/homebrew/lib]
  collapse library dir [/Applications/Xcode.app/Contents/Developer/Platforms/MacOSX.platform/Developer/SDKs/MacOSX.sdk/usr/lib] ==> [/Applications/Xcode.app/Contents/Developer/Platforms/MacOSX.platform/Developer/SDKs/MacOSX.sdk/usr/lib]
  collapse library dir [/opt/homebrew/opt/openssl/lib] ==> [/opt/homebrew/opt/openssl/lib]
  collapse library dir [/opt/homebrew/lib] ==> [/opt/homebrew/lib]
  collapse library dir [/Applications/Xcode.app/Contents/Developer/Platforms/MacOSX.platform/Developer/SDKs/MacOSX.sdk/usr/lib] ==> [/Applications/Xcode.app/Contents/Developer/Platforms/MacOSX.platform/Developer/SDKs/MacOSX.sdk/usr/lib]
  collapse library dir [/Applications/Xcode.app/Contents/Developer/Platforms/MacOSX.platform/Developer/SDKs/MacOSX.sdk/usr/lib] ==> [/Applications/Xcode.app/Contents/Developer/Platforms/MacOSX.platform/Developer/SDKs/MacOSX.sdk/usr/lib]
  collapse framework dir [/Applications/Xcode.app/Contents/Developer/Platforms/MacOSX.platform/Developer/SDKs/MacOSX.sdk/System/Library/Frameworks/] ==> [/Applications/Xcode.app/Contents/Developer/Platforms/MacOSX.platform/Developer/SDKs/MacOSX.sdk/System/Library/Frameworks]
  implicit libs: [c++]
  implicit objs: []
  implicit dirs: [/opt/homebrew/opt/openssl/lib;/opt/homebrew/lib;/Applications/Xcode.app/Contents/Developer/Platforms/MacOSX.platform/Developer/SDKs/MacOSX.sdk/usr/lib]
  implicit fwks: [/Applications/Xcode.app/Contents/Developer/Platforms/MacOSX.platform/Developer/SDKs/MacOSX.sdk/System/Library/Frameworks]


